<?xml version="1.0" encoding="UTF-8"?>
<!-- Generated by org.testng.reporters.JUnitReportReporter -->
<testsuite hostname="DESKTOP-4CN1S37" name="php.runner.PhpRunner$phprunner" tests="2" failures="0" timestamp="5 Jul 2019 06:39:03 GMT" time="34.367" errors="0">
  <testcase name="feature" time="16.902" classname="php.runner.PhpRunner$phprunner"/>
  <testcase name="feature" time="17.465" classname="php.runner.PhpRunner$phprunner"/>
</testsuite> <!-- php.runner.PhpRunner$phprunner -->
