<?xml version="1.0" encoding="UTF-8"?>
<!-- Generated by org.testng.reporters.JUnitReportReporter -->
<testsuite hostname="DESKTOP-4CN1S37" name="php.runner.PhpRunner$phprunner" tests="4" failures="0" timestamp="7 Jul 2019 03:14:39 GMT" time="68.508" errors="0">
  <testcase name="feature" time="18.876" classname="php.runner.PhpRunner$phprunner"/>
  <testcase name="feature" time="14.200" classname="php.runner.PhpRunner$phprunner"/>
  <testcase name="feature" time="24.538" classname="php.runner.PhpRunner$phprunner"/>
  <testcase name="feature" time="10.894" classname="php.runner.PhpRunner$phprunner"/>
</testsuite> <!-- php.runner.PhpRunner$phprunner -->
