<?xml version="1.0" encoding="UTF-8"?>
<!-- Generated by org.testng.reporters.JUnitReportReporter -->
<testsuite hostname="DESKTOP-4CN1S37" name="php.runner.PhpRunner$phprunner" tests="4" failures="0" timestamp="7 Jul 2019 03:24:30 GMT" time="79.941" errors="0">
  <testcase name="feature" time="16.994" classname="php.runner.PhpRunner$phprunner"/>
  <testcase name="feature" time="15.724" classname="php.runner.PhpRunner$phprunner"/>
  <testcase name="feature" time="28.477" classname="php.runner.PhpRunner$phprunner"/>
  <testcase name="feature" time="18.746" classname="php.runner.PhpRunner$phprunner"/>
</testsuite> <!-- php.runner.PhpRunner$phprunner -->
